<?xml version="1.0" encoding="UTF-8"?>
<!-- Generated by org.testng.reporters.JUnitReportReporter -->
<testsuite skipped="0" hostname="LAPTOP-UDOD7SLT" name="Selenium.CssValue" tests="3" failures="0" timestamp="17 Feb 2019 09:01:15 GMT" time="0.247" errors="0">
  <testcase name="getfont" time="0.050" classname="Selenium.CssValue"/>
  <testcase name="getcolor" time="0.046" classname="Selenium.CssValue"/>
  <testcase name="getbccolor" time="0.151" classname="Selenium.CssValue"/>
</testsuite> <!-- Selenium.CssValue -->
