<?xml version="1.0" encoding="UTF-8"?>
<!-- Generated by org.testng.reporters.JUnitReportReporter -->
<testsuite skipped="0" hostname="LAPTOP-UDOD7SLT" name="Selenium.Link" tests="3" failures="0" timestamp="23 Jan 2019 18:24:55 GMT" time="69.178" errors="0">
  <testcase name="link1" time="23.335" classname="Selenium.Link"/>
  <testcase name="link2" time="37.184" classname="Selenium.Link"/>
  <testcase name="link3" time="8.659" classname="Selenium.Link"/>
</testsuite> <!-- Selenium.Link -->
