<?xml version="1.0" encoding="UTF-8"?>
<!-- Generated by org.testng.reporters.JUnitReportReporter -->
<testsuite skipped="0" hostname="LAPTOP-UDOD7SLT" name="Selenium.SortedDropdown" tests="1" failures="0" timestamp="16 Feb 2019 10:58:12 GMT" time="96.695" errors="0">
  <testcase name="run" time="96.695" classname="Selenium.SortedDropdown"/>
</testsuite> <!-- Selenium.SortedDropdown -->
