<?xml version="1.0" encoding="UTF-8"?>
<!-- Generated by org.testng.reporters.JUnitReportReporter -->
<testsuite skipped="0" hostname="LAPTOP-UDOD7SLT" name="Selenium.CssProperties" tests="4" failures="0" timestamp="01 Jul 2020 19:31:15 GMT" time="0.978" errors="0">
  <testcase name="getclass" time="0.737" classname="Selenium.CssProperties"/>
  <testcase name="role" time="0.085" classname="Selenium.CssProperties"/>
  <testcase name="type" time="0.083" classname="Selenium.CssProperties"/>
  <testcase name="maxlength" time="0.073" classname="Selenium.CssProperties"/>
</testsuite> <!-- Selenium.CssProperties -->
